<?xml version="1.0" encoding="UTF-8"?>
<!-- Generated by org.testng.reporters.JUnitReportReporter -->
<testsuite skipped="0" hostname="AndruwaPC" name="test.TestMagazine" tests="4" failures="0" timestamp="26 ноя 2017 09:52:56 GMT" time="0.026" errors="0">
  <testcase name="countTest" time="0.002" classname="test.TestMagazine"/>
  <testcase name="findByWriterTest" time="0.002" classname="test.TestMagazine"/>
  <testcase name="counMagazinePages" time="0.020" classname="test.TestMagazine"/>
  <testcase name="inputTest" time="0.002" classname="test.TestMagazine"/>
</testsuite> <!-- test.TestMagazine -->
