<?xml version="1.0" encoding="UTF-8"?>
<!-- Generated by org.testng.reporters.JUnitReportReporter -->
<testsuite skipped="0" hostname="AndruwaPC" name="test.TestArticle" tests="3" failures="0" timestamp="26 ноя 2017 08:40:07 GMT" time="0.014" errors="0">
  <testcase name="inputTest" time="0.001" classname="test.TestArticle"/>
  <testcase name="TestGetCount" time="0.002" classname="test.TestArticle"/>
  <testcase name="TestGetCount" time="0.011" classname="test.TestArticle"/>
</testsuite> <!-- test.TestArticle -->
