<?xml version="1.0" encoding="UTF-8"?>
<!-- Generated by org.testng.reporters.JUnitReportReporter -->
<testsuite skipped="0" hostname="AndruwaPC" name="test.TestLab2" tests="3" failures="0" timestamp="05 ноя 2017 08:19:52 GMT" time="0.027" errors="0">
  <testcase name="inputTest" time="0.009" classname="test.TestLab2"/>
  <testcase name="TestGetCount" time="0.002" classname="test.TestLab2"/>
  <testcase name="TestGetCount" time="0.016" classname="test.TestLab2"/>
</testsuite> <!-- test.TestLab2 -->
