<?xml version="1.0" encoding="UTF-8"?>
<!-- Generated by org.testng.reporters.JUnitReportReporter -->
<testsuite skipped="0" hostname="AndruwaPC" name="test.TestMagazine" tests="2" failures="0" timestamp="19 ноя 2017 12:03:06 GMT" time="0.018" errors="0">
  <testcase name="inputTest" time="0.002" classname="test.TestMagazine"/>
  <testcase name="countTest" time="0.016" classname="test.TestMagazine"/>
</testsuite> <!-- test.TestMagazine -->
